Using pre-set license

 COMMAND LINE ARGUMENTS:
/Applications/Unity/Hub/Editor/2020.3.1f1/Unity.app/Contents/MacOS/Unity
-adb2
-batchMode
-noUpm
-name
AssetImportWorker0
-projectPath
/Users/tylergreen/Games/Mario Party
-logFile
Logs/AssetImportWorker0.log
-srvPort
58961
Successfully changed project path to: /Users/tylergreen/Games/Mario Party
/Users/tylergreen/Games/Mario Party
Using Asset Import Pipeline V2.
Refreshing native plugins compatible for Editor in 53.76 ms, found 4 plugins.
Preloading 0 native plugins for Editor in 0.00 ms.
Initialize engine version: 2020.3.1f1 (77a89f25062f)
[Subsystems] Discovering subsystems at path /Applications/Unity/Hub/Editor/2020.3.1f1/Unity.app/Contents/Resources/UnitySubsystems
[Subsystems] Discovering subsystems at path /Users/tylergreen/Games/Mario Party/Assets
GfxDevice: creating device client; threaded=0
2021-07-10 14:58:02.225 Unity[36363:690632] Color LCD preferred device: Intel Iris Pro Graphics (low power)
2021-07-10 14:58:02.226 Unity[36363:690632] Metal devices available: 2
2021-07-10 14:58:02.226 Unity[36363:690632] 0: AMD Radeon R9 M370X (high power)
2021-07-10 14:58:02.226 Unity[36363:690632] 1: Intel Iris Pro Graphics (low power)
2021-07-10 14:58:02.226 Unity[36363:690632] Using device AMD Radeon R9 M370X (high power)
Initializing Metal device caps: AMD Radeon R9 M370X
Initialize mono
Mono path[0] = '/Applications/Unity/Hub/Editor/2020.3.1f1/Unity.app/Contents/Managed'
Mono path[1] = '/Applications/Unity/Hub/Editor/2020.3.1f1/Unity.app/Contents/MonoBleedingEdge/lib/mono/unityjit'
Mono config path = '/Applications/Unity/Hub/Editor/2020.3.1f1/Unity.app/Contents/MonoBleedingEdge/etc'
Using monoOptions --debugger-agent=transport=dt_socket,embedding=1,server=y,suspend=n,address=127.0.0.1:56363
Begin MonoManager ReloadAssembly
Registering precompiled unity dll's ...
Register platform support module: /Applications/Unity/Hub/Editor/2020.3.1f1/Unity.app/Contents/PlaybackEngines/MacStandaloneSupport/UnityEditor.OSXStandalone.Extensions.dll
Register platform support module: /Applications/Unity/Hub/Editor/2020.3.1f1/PlaybackEngines/WindowsStandaloneSupport/UnityEditor.WindowsStandalone.Extensions.dll
Registered in 0.000783 seconds.
Native extension for WindowsStandalone target not found
Native extension for OSXStandalone target not found
Refreshing native plugins compatible for Editor in 53.41 ms, found 4 plugins.
Preloading 0 native plugins for Editor in 0.00 ms.
Invoked RoslynAnalysisRunner static constructor.
RoslynAnalysisRunner will not be running.
RoslynAnalysisRunner has terminated.
Mono: successfully reloaded assembly
- Completed reload, in  2.478 seconds
Platform modules already initialized, skipping
Registering precompiled user dll's ...
Registered in 0.000993 seconds.
Begin MonoManager ReloadAssembly
Native extension for WindowsStandalone target not found
Native extension for OSXStandalone target not found
Refreshing native plugins compatible for Editor in 0.52 ms, found 4 plugins.
Preloading 0 native plugins for Editor in 0.00 ms.
Invoked RoslynAnalysisRunner static constructor.
RoslynAnalysisRunner will not be running.
RoslynAnalysisRunner has terminated.
Mono: successfully reloaded assembly
- Completed reload, in  1.150 seconds
Platform modules already initialized, skipping
========================================================================
Worker process is ready to serve import requests
Launching external process: /Applications/Unity/Hub/Editor/2020.3.1f1/Unity.app/Contents/Tools/UnityShaderCompiler
Launched and connected shader compiler UnityShaderCompiler after 0.01 seconds
Refreshing native plugins compatible for Editor in 0.55 ms, found 4 plugins.
Preloading 0 native plugins for Editor in 0.00 ms.
Unloading 1776 Unused Serialized files (Serialized files now loaded: 0)
System memory in use before: 190.2 MB.
System memory in use after: 189.7 MB.

Unloading 23 unused Assets to reduce memory usage. Loaded Objects now: 2242.
Total: 3.469833 ms (FindLiveObjects: 0.571725 ms CreateObjectMapping: 0.310614 ms MarkObjects: 2.016290 ms  DeleteObjects: 0.567542 ms)

========================================================================
Received Import Request.
  path: Assets/Scripts/CurrentTurnText.cs
  artifactKey: Guid(b392ed4acf1844167bf81657ff65c4ee) Importer(815301076,1909f56bfc062723c751e8b465ee728b)
Start importing Assets/Scripts/CurrentTurnText.cs using Guid(b392ed4acf1844167bf81657ff65c4ee) Importer(815301076,1909f56bfc062723c751e8b465ee728b)  -> (artifact id: '1895dc761d1d0efd0633177ce1e45507') in 0.464537 seconds
  Import took 0.468015 seconds .

========================================================================
Received Prepare
Registering precompiled user dll's ...
Registered in 0.001093 seconds.
Begin MonoManager ReloadAssembly
Native extension for WindowsStandalone target not found
Native extension for OSXStandalone target not found
Refreshing native plugins compatible for Editor in 0.64 ms, found 4 plugins.
Preloading 0 native plugins for Editor in 0.00 ms.
Invoked RoslynAnalysisRunner static constructor.
RoslynAnalysisRunner will not be running.
RoslynAnalysisRunner has terminated.
Mono: successfully reloaded assembly
- Completed reload, in  1.101 seconds
Platform modules already initialized, skipping
Refreshing native plugins compatible for Editor in 0.66 ms, found 4 plugins.
Preloading 0 native plugins for Editor in 0.00 ms.
Unloading 1648 Unused Serialized files (Serialized files now loaded: 0)
System memory in use before: 185.7 MB.
System memory in use after: 185.3 MB.

Unloading 18 unused Assets to reduce memory usage. Loaded Objects now: 2245.
Total: 2.779139 ms (FindLiveObjects: 0.433815 ms CreateObjectMapping: 0.060002 ms MarkObjects: 1.678052 ms  DeleteObjects: 0.606120 ms)

========================================================================
Received Prepare
Registering precompiled user dll's ...
Registered in 0.000937 seconds.
Begin MonoManager ReloadAssembly
Native extension for WindowsStandalone target not found
Native extension for OSXStandalone target not found
Refreshing native plugins compatible for Editor in 0.55 ms, found 4 plugins.
Preloading 0 native plugins for Editor in 0.00 ms.
Invoked RoslynAnalysisRunner static constructor.
RoslynAnalysisRunner will not be running.
RoslynAnalysisRunner has terminated.
Mono: successfully reloaded assembly
- Completed reload, in  1.099 seconds
Platform modules already initialized, skipping
Refreshing native plugins compatible for Editor in 0.52 ms, found 4 plugins.
Preloading 0 native plugins for Editor in 0.00 ms.
Unloading 1648 Unused Serialized files (Serialized files now loaded: 0)
System memory in use before: 186.2 MB.
System memory in use after: 185.8 MB.

Unloading 18 unused Assets to reduce memory usage. Loaded Objects now: 2248.
Total: 3.419386 ms (FindLiveObjects: 0.352566 ms CreateObjectMapping: 0.086472 ms MarkObjects: 2.136854 ms  DeleteObjects: 0.841810 ms)

========================================================================
Received Prepare
Registering precompiled user dll's ...
Registered in 0.000903 seconds.
Begin MonoManager ReloadAssembly
Native extension for WindowsStandalone target not found
Native extension for OSXStandalone target not found
Refreshing native plugins compatible for Editor in 0.52 ms, found 4 plugins.
Preloading 0 native plugins for Editor in 0.00 ms.
Invoked RoslynAnalysisRunner static constructor.
RoslynAnalysisRunner will not be running.
RoslynAnalysisRunner has terminated.
Mono: successfully reloaded assembly
- Completed reload, in  1.120 seconds
Platform modules already initialized, skipping
Refreshing native plugins compatible for Editor in 0.53 ms, found 4 plugins.
Preloading 0 native plugins for Editor in 0.00 ms.
Unloading 1648 Unused Serialized files (Serialized files now loaded: 0)
System memory in use before: 186.9 MB.
System memory in use after: 186.5 MB.

Unloading 18 unused Assets to reduce memory usage. Loaded Objects now: 2251.
Total: 2.926525 ms (FindLiveObjects: 0.329502 ms CreateObjectMapping: 0.069159 ms MarkObjects: 1.816446 ms  DeleteObjects: 0.709788 ms)

========================================================================
Received Import Request.
  Time since last request: 278.849089 seconds.
  path: Assets/Models/Captain Toad
  artifactKey: Guid(97bb588e424184d0785091f955b9784e) Importer(815301076,1909f56bfc062723c751e8b465ee728b)
Start importing Assets/Models/Captain Toad using Guid(97bb588e424184d0785091f955b9784e) Importer(815301076,1909f56bfc062723c751e8b465ee728b)  -> (artifact id: 'bd89ce642dee64c5ae3ae9def8f9087c') in 0.004537 seconds
  Import took 0.008816 seconds .

========================================================================
Received Import Request.
  Time since last request: 0.065476 seconds.
  path: Assets/Models/Captain Toad/kinopiobrigade.dae
  artifactKey: Guid(e32a5c9be4a844928a881967b0802ae5) Importer(815301076,1909f56bfc062723c751e8b465ee728b)
Start importing Assets/Models/Captain Toad/kinopiobrigade.dae using Guid(e32a5c9be4a844928a881967b0802ae5) Importer(815301076,1909f56bfc062723c751e8b465ee728b)  -> (artifact id: 'ab6d799d323d6e52833bb76ba7c6a9f4') in 0.855348 seconds
  Import took 0.860695 seconds .

========================================================================
Received Import Request.
  Time since last request: 0.000244 seconds.
  path: Assets/Models/Captain Toad/kinopiobrigade.fbx
  artifactKey: Guid(80e8ef69a2f9c42e58556fca0bb63d59) Importer(815301076,1909f56bfc062723c751e8b465ee728b)
Start importing Assets/Models/Captain Toad/kinopiobrigade.fbx using Guid(80e8ef69a2f9c42e58556fca0bb63d59) Importer(815301076,1909f56bfc062723c751e8b465ee728b)  -> (artifact id: 'a302049bb40cdbb808f15d158662d0f7') in 1.031067 seconds
  Import took 1.035277 seconds .

========================================================================
Received Prepare
Registering precompiled user dll's ...
Registered in 0.001116 seconds.
Begin MonoManager ReloadAssembly
Native extension for WindowsStandalone target not found
Native extension for OSXStandalone target not found
Refreshing native plugins compatible for Editor in 0.51 ms, found 4 plugins.
Preloading 0 native plugins for Editor in 0.00 ms.
Invoked RoslynAnalysisRunner static constructor.
RoslynAnalysisRunner will not be running.
RoslynAnalysisRunner has terminated.
Mono: successfully reloaded assembly
- Completed reload, in  1.088 seconds
Platform modules already initialized, skipping
Refreshing native plugins compatible for Editor in 0.53 ms, found 4 plugins.
Preloading 0 native plugins for Editor in 0.00 ms.
Unloading 1648 Unused Serialized files (Serialized files now loaded: 0)
System memory in use before: 215.3 MB.
System memory in use after: 214.9 MB.

Unloading 18 unused Assets to reduce memory usage. Loaded Objects now: 2298.
Total: 2.888317 ms (FindLiveObjects: 0.322546 ms CreateObjectMapping: 0.071485 ms MarkObjects: 1.859427 ms  DeleteObjects: 0.633426 ms)

========================================================================
Received Import Request.
  Time since last request: 127.494932 seconds.
  path: Assets/Scenes/Game.unity
  artifactKey: Guid(9fc0d4010bbf28b4594072e72b8655ab) Importer(815301076,1909f56bfc062723c751e8b465ee728b)
Start importing Assets/Scenes/Game.unity using Guid(9fc0d4010bbf28b4594072e72b8655ab) Importer(815301076,1909f56bfc062723c751e8b465ee728b)  -> (artifact id: 'db3b508667fe36111a177b54d83b06d5') in 0.017676 seconds
  Import took 0.021329 seconds .

========================================================================
Received Import Request.
  Time since last request: 3.937814 seconds.
  path: Assets/Scenes/EndGame.unity
  artifactKey: Guid(d8886ad1e3c934260b7d412d29822a88) Importer(815301076,1909f56bfc062723c751e8b465ee728b)
Start importing Assets/Scenes/EndGame.unity using Guid(d8886ad1e3c934260b7d412d29822a88) Importer(815301076,1909f56bfc062723c751e8b465ee728b)  -> (artifact id: '941f63e036a59690711251571494d323') in 0.002018 seconds
  Import took 0.005373 seconds .

========================================================================
Received Import Request.
  Time since last request: 63.751572 seconds.
  path: Assets/Scripts/EndGameController.cs
  artifactKey: Guid(3ea6c0cbad9034cd0ab26d2e47f6a294) Importer(815301076,1909f56bfc062723c751e8b465ee728b)
Start importing Assets/Scripts/EndGameController.cs using Guid(3ea6c0cbad9034cd0ab26d2e47f6a294) Importer(815301076,1909f56bfc062723c751e8b465ee728b)  -> (artifact id: '2374dc225e38e4ae01078712422c16c4') in 0.006130 seconds
  Import took 0.010096 seconds .

========================================================================
Received Prepare
Registering precompiled user dll's ...
Registered in 0.000947 seconds.
Begin MonoManager ReloadAssembly
Native extension for WindowsStandalone target not found
Native extension for OSXStandalone target not found
Refreshing native plugins compatible for Editor in 0.55 ms, found 4 plugins.
Preloading 0 native plugins for Editor in 0.00 ms.
Invoked RoslynAnalysisRunner static constructor.
RoslynAnalysisRunner will not be running.
RoslynAnalysisRunner has terminated.
Mono: successfully reloaded assembly
- Completed reload, in  1.157 seconds
Platform modules already initialized, skipping
Refreshing native plugins compatible for Editor in 1.04 ms, found 4 plugins.
Preloading 0 native plugins for Editor in 0.00 ms.
Unloading 1649 Unused Serialized files (Serialized files now loaded: 0)
System memory in use before: 216.0 MB.
System memory in use after: 215.6 MB.

Unloading 18 unused Assets to reduce memory usage. Loaded Objects now: 2302.
Total: 4.662482 ms (FindLiveObjects: 0.893674 ms CreateObjectMapping: 0.268398 ms MarkObjects: 2.657821 ms  DeleteObjects: 0.839078 ms)

========================================================================
Received Prepare
Registering precompiled user dll's ...
Registered in 0.000871 seconds.
Begin MonoManager ReloadAssembly
Native extension for WindowsStandalone target not found
Native extension for OSXStandalone target not found
Refreshing native plugins compatible for Editor in 0.52 ms, found 4 plugins.
Preloading 0 native plugins for Editor in 0.00 ms.
Invoked RoslynAnalysisRunner static constructor.
RoslynAnalysisRunner will not be running.
RoslynAnalysisRunner has terminated.
Mono: successfully reloaded assembly
- Completed reload, in  1.110 seconds
Platform modules already initialized, skipping
Refreshing native plugins compatible for Editor in 0.56 ms, found 4 plugins.
Preloading 0 native plugins for Editor in 0.00 ms.
Unloading 1649 Unused Serialized files (Serialized files now loaded: 0)
System memory in use before: 216.8 MB.
System memory in use after: 216.4 MB.

Unloading 18 unused Assets to reduce memory usage. Loaded Objects now: 2305.
Total: 2.932659 ms (FindLiveObjects: 0.263678 ms CreateObjectMapping: 0.087572 ms MarkObjects: 1.805494 ms  DeleteObjects: 0.774666 ms)

========================================================================
Received Prepare
Registering precompiled user dll's ...
Registered in 0.001328 seconds.
Begin MonoManager ReloadAssembly
Native extension for WindowsStandalone target not found
Native extension for OSXStandalone target not found
Refreshing native plugins compatible for Editor in 0.56 ms, found 4 plugins.
Preloading 0 native plugins for Editor in 0.00 ms.
Invoked RoslynAnalysisRunner static constructor.
RoslynAnalysisRunner will not be running.
RoslynAnalysisRunner has terminated.
Mono: successfully reloaded assembly
- Completed reload, in  1.087 seconds
Platform modules already initialized, skipping
Refreshing native plugins compatible for Editor in 0.52 ms, found 4 plugins.
Preloading 0 native plugins for Editor in 0.00 ms.
Unloading 1649 Unused Serialized files (Serialized files now loaded: 0)
System memory in use before: 217.4 MB.
System memory in use after: 217.0 MB.

Unloading 18 unused Assets to reduce memory usage. Loaded Objects now: 2308.
Total: 3.069319 ms (FindLiveObjects: 0.352919 ms CreateObjectMapping: 0.080689 ms MarkObjects: 1.907407 ms  DeleteObjects: 0.726811 ms)

========================================================================
Received Import Request.
  Time since last request: 169.288194 seconds.
  path: Assets/Scenes/Character Chooser.unity
  artifactKey: Guid(2dbcb167627a6488c8900d3843306577) Importer(815301076,1909f56bfc062723c751e8b465ee728b)
Start importing Assets/Scenes/Character Chooser.unity using Guid(2dbcb167627a6488c8900d3843306577) Importer(815301076,1909f56bfc062723c751e8b465ee728b)  -> (artifact id: '77e22b0e51ea545fa69ad1612f0793ab') in 0.016082 seconds
  Import took 0.019869 seconds .

========================================================================
Received Import Request.
  Time since last request: 7.269337 seconds.
  path: Assets/Scenes/EndGame.unity
  artifactKey: Guid(d8886ad1e3c934260b7d412d29822a88) Importer(815301076,1909f56bfc062723c751e8b465ee728b)
Start importing Assets/Scenes/EndGame.unity using Guid(d8886ad1e3c934260b7d412d29822a88) Importer(815301076,1909f56bfc062723c751e8b465ee728b)  -> (artifact id: 'a8ad8b6f7e28e05a3ead029b153e8528') in 0.002925 seconds
  Import took 0.007403 seconds .

========================================================================
Received Prepare
Registering precompiled user dll's ...
Registered in 0.000944 seconds.
Begin MonoManager ReloadAssembly
Native extension for WindowsStandalone target not found
Native extension for OSXStandalone target not found
Refreshing native plugins compatible for Editor in 0.56 ms, found 4 plugins.
Preloading 0 native plugins for Editor in 0.00 ms.
Invoked RoslynAnalysisRunner static constructor.
RoslynAnalysisRunner will not be running.
RoslynAnalysisRunner has terminated.
Mono: successfully reloaded assembly
- Completed reload, in  1.105 seconds
Platform modules already initialized, skipping
Refreshing native plugins compatible for Editor in 0.60 ms, found 4 plugins.
Preloading 0 native plugins for Editor in 0.00 ms.
Unloading 1649 Unused Serialized files (Serialized files now loaded: 0)
System memory in use before: 217.9 MB.
System memory in use after: 217.5 MB.

Unloading 18 unused Assets to reduce memory usage. Loaded Objects now: 2311.
Total: 3.686168 ms (FindLiveObjects: 0.557077 ms CreateObjectMapping: 0.106616 ms MarkObjects: 2.212029 ms  DeleteObjects: 0.806429 ms)

========================================================================
Received Prepare
Registering precompiled user dll's ...
Registered in 0.000896 seconds.
Begin MonoManager ReloadAssembly
Native extension for WindowsStandalone target not found
Native extension for OSXStandalone target not found
Refreshing native plugins compatible for Editor in 0.56 ms, found 4 plugins.
Preloading 0 native plugins for Editor in 0.00 ms.
Invoked RoslynAnalysisRunner static constructor.
RoslynAnalysisRunner will not be running.
RoslynAnalysisRunner has terminated.
Mono: successfully reloaded assembly
- Completed reload, in  1.117 seconds
Platform modules already initialized, skipping
Refreshing native plugins compatible for Editor in 0.52 ms, found 4 plugins.
Preloading 0 native plugins for Editor in 0.00 ms.
Unloading 1649 Unused Serialized files (Serialized files now loaded: 0)
System memory in use before: 218.5 MB.
System memory in use after: 218.0 MB.

Unloading 18 unused Assets to reduce memory usage. Loaded Objects now: 2314.
Total: 3.314079 ms (FindLiveObjects: 0.339313 ms CreateObjectMapping: 0.142858 ms MarkObjects: 2.082503 ms  DeleteObjects: 0.748313 ms)

========================================================================
Received Prepare
Registering precompiled user dll's ...
Registered in 0.001025 seconds.
Begin MonoManager ReloadAssembly
Native extension for WindowsStandalone target not found
Native extension for OSXStandalone target not found
Refreshing native plugins compatible for Editor in 0.56 ms, found 4 plugins.
Preloading 0 native plugins for Editor in 0.00 ms.
Invoked RoslynAnalysisRunner static constructor.
RoslynAnalysisRunner will not be running.
RoslynAnalysisRunner has terminated.
Mono: successfully reloaded assembly
- Completed reload, in  1.098 seconds
Platform modules already initialized, skipping
Refreshing native plugins compatible for Editor in 0.54 ms, found 4 plugins.
Preloading 0 native plugins for Editor in 0.00 ms.
Unloading 1649 Unused Serialized files (Serialized files now loaded: 0)
System memory in use before: 219.2 MB.
System memory in use after: 218.8 MB.

Unloading 18 unused Assets to reduce memory usage. Loaded Objects now: 2317.
Total: 3.081189 ms (FindLiveObjects: 0.322556 ms CreateObjectMapping: 0.073844 ms MarkObjects: 1.911147 ms  DeleteObjects: 0.772240 ms)

========================================================================
Received Prepare
Registering precompiled user dll's ...
Registered in 0.000922 seconds.
Begin MonoManager ReloadAssembly
Native extension for WindowsStandalone target not found
Native extension for OSXStandalone target not found
Refreshing native plugins compatible for Editor in 0.57 ms, found 4 plugins.
Preloading 0 native plugins for Editor in 0.00 ms.
Invoked RoslynAnalysisRunner static constructor.
RoslynAnalysisRunner will not be running.
RoslynAnalysisRunner has terminated.
Mono: successfully reloaded assembly
- Completed reload, in  1.114 seconds
Platform modules already initialized, skipping
Refreshing native plugins compatible for Editor in 0.53 ms, found 4 plugins.
Preloading 0 native plugins for Editor in 0.00 ms.
Unloading 1649 Unused Serialized files (Serialized files now loaded: 0)
System memory in use before: 219.7 MB.
System memory in use after: 219.3 MB.

Unloading 18 unused Assets to reduce memory usage. Loaded Objects now: 2320.
Total: 3.062737 ms (FindLiveObjects: 0.348680 ms CreateObjectMapping: 0.079989 ms MarkObjects: 1.912401 ms  DeleteObjects: 0.720325 ms)

========================================================================
Received Prepare
Registering precompiled user dll's ...
Registered in 0.000962 seconds.
Begin MonoManager ReloadAssembly
Native extension for WindowsStandalone target not found
Native extension for OSXStandalone target not found
Refreshing native plugins compatible for Editor in 0.57 ms, found 4 plugins.
Preloading 0 native plugins for Editor in 0.00 ms.
Invoked RoslynAnalysisRunner static constructor.
RoslynAnalysisRunner will not be running.
RoslynAnalysisRunner has terminated.
Mono: successfully reloaded assembly
- Completed reload, in  1.191 seconds
Platform modules already initialized, skipping
Refreshing native plugins compatible for Editor in 0.54 ms, found 4 plugins.
Preloading 0 native plugins for Editor in 0.00 ms.
Unloading 1649 Unused Serialized files (Serialized files now loaded: 0)
System memory in use before: 220.6 MB.
System memory in use after: 220.2 MB.

Unloading 18 unused Assets to reduce memory usage. Loaded Objects now: 2323.
Total: 3.401734 ms (FindLiveObjects: 0.335212 ms CreateObjectMapping: 0.137583 ms MarkObjects: 2.150046 ms  DeleteObjects: 0.777885 ms)

========================================================================
Received Import Request.
  Time since last request: 509.560973 seconds.
  path: Assets/Scenes/Game.unity
  artifactKey: Guid(9fc0d4010bbf28b4594072e72b8655ab) Importer(815301076,1909f56bfc062723c751e8b465ee728b)
Start importing Assets/Scenes/Game.unity using Guid(9fc0d4010bbf28b4594072e72b8655ab) Importer(815301076,1909f56bfc062723c751e8b465ee728b)  -> (artifact id: 'cc649b8de96006af2a489fe798b37e82') in 0.033269 seconds
  Import took 0.039985 seconds .

========================================================================
Received Prepare
Registering precompiled user dll's ...
Registered in 0.001842 seconds.
Begin MonoManager ReloadAssembly
Native extension for WindowsStandalone target not found
Native extension for OSXStandalone target not found
Refreshing native plugins compatible for Editor in 0.62 ms, found 4 plugins.
Preloading 0 native plugins for Editor in 0.00 ms.
Invoked RoslynAnalysisRunner static constructor.
RoslynAnalysisRunner will not be running.
RoslynAnalysisRunner has terminated.
Mono: successfully reloaded assembly
- Completed reload, in  1.453 seconds
Platform modules already initialized, skipping
Refreshing native plugins compatible for Editor in 0.62 ms, found 4 plugins.
Preloading 0 native plugins for Editor in 0.00 ms.
Unloading 1649 Unused Serialized files (Serialized files now loaded: 0)
System memory in use before: 221.1 MB.
System memory in use after: 220.7 MB.

Unloading 18 unused Assets to reduce memory usage. Loaded Objects now: 2326.
Total: 3.985090 ms (FindLiveObjects: 0.448576 ms CreateObjectMapping: 0.123006 ms MarkObjects: 2.468847 ms  DeleteObjects: 0.942788 ms)

========================================================================
Received Import Request.
  Time since last request: 174.509937 seconds.
  path: Assets/Scenes/EndGame.unity
  artifactKey: Guid(d8886ad1e3c934260b7d412d29822a88) Importer(815301076,1909f56bfc062723c751e8b465ee728b)
Start importing Assets/Scenes/EndGame.unity using Guid(d8886ad1e3c934260b7d412d29822a88) Importer(815301076,1909f56bfc062723c751e8b465ee728b)  -> (artifact id: '932c76666662cd1088db015fe2ff3944') in 0.023143 seconds
  Import took 0.028093 seconds .

========================================================================
Received Import Request.
  Time since last request: 22.279487 seconds.
  path: Assets/Scenes/EndGame.unity
  artifactKey: Guid(d8886ad1e3c934260b7d412d29822a88) Importer(815301076,1909f56bfc062723c751e8b465ee728b)
Start importing Assets/Scenes/EndGame.unity using Guid(d8886ad1e3c934260b7d412d29822a88) Importer(815301076,1909f56bfc062723c751e8b465ee728b)  -> (artifact id: '73da5b7218ade67c0194d58be7f29b50') in 0.003731 seconds
  Import took 0.007354 seconds .

========================================================================
Received Import Request.
  Time since last request: 0.001600 seconds.
  path: Assets/Scenes/EndGame.unity
  artifactKey: Guid(d8886ad1e3c934260b7d412d29822a88) Importer(815301076,1909f56bfc062723c751e8b465ee728b)
Start importing Assets/Scenes/EndGame.unity using Guid(d8886ad1e3c934260b7d412d29822a88) Importer(815301076,1909f56bfc062723c751e8b465ee728b)  -> (artifact id: '73da5b7218ade67c0194d58be7f29b50') in 0.001715 seconds
  Import took 0.006986 seconds .

========================================================================
Received Prepare
Registering precompiled user dll's ...
Registered in 0.000862 seconds.
Begin MonoManager ReloadAssembly
Native extension for WindowsStandalone target not found
Native extension for OSXStandalone target not found
Refreshing native plugins compatible for Editor in 0.55 ms, found 4 plugins.
Preloading 0 native plugins for Editor in 0.00 ms.
Invoked RoslynAnalysisRunner static constructor.
RoslynAnalysisRunner will not be running.
RoslynAnalysisRunner has terminated.
Mono: successfully reloaded assembly
- Completed reload, in  1.030 seconds
Platform modules already initialized, skipping
Refreshing native plugins compatible for Editor in 0.51 ms, found 4 plugins.
Preloading 0 native plugins for Editor in 0.00 ms.
Unloading 1649 Unused Serialized files (Serialized files now loaded: 0)
System memory in use before: 221.9 MB.
System memory in use after: 221.4 MB.

Unloading 18 unused Assets to reduce memory usage. Loaded Objects now: 2329.
Total: 3.127299 ms (FindLiveObjects: 0.340489 ms CreateObjectMapping: 0.070020 ms MarkObjects: 1.916809 ms  DeleteObjects: 0.798435 ms)

